<?xml version="1.0" encoding="UTF-8"?>
<testng-results skipped="0" failed="0" ignored="0" total="1" passed="1">
  <reporter-output>
  </reporter-output>
  <suite name="Default suite" duration-ms="9755" started-at="2019-11-18T09:49:07Z" finished-at="2019-11-18T09:49:16Z">
    <groups>
    </groups>
    <test name="Default test" duration-ms="9755" started-at="2019-11-18T09:49:07Z" finished-at="2019-11-18T09:49:16Z">
      <class name="Guru99BankTests.VerifyDynamicTextWithLoginSection">
        <test-method status="PASS" signature="OpenBrowser(java.lang.String)[pri:0, instance:Guru99BankTests.VerifyDynamicTextWithLoginSection@5383967b]" name="OpenBrowser" is-config="true" duration-ms="7422" started-at="2019-11-18T09:49:07Z" finished-at="2019-11-18T09:49:14Z">
          <params>
            <param index="0">
              <value>
                <![CDATA[chrome]]>
              </value>
            </param>
          </params>
          <reporter-output>
          </reporter-output>
        </test-method> <!-- OpenBrowser -->
        <test-method status="PASS" signature="VerifyDynamicTextWithLoginSectionTest(java.lang.String, java.lang.String)[pri:0, instance:Guru99BankTests.VerifyDynamicTextWithLoginSection@5383967b]" name="VerifyDynamicTextWithLoginSectionTest" duration-ms="1670" started-at="2019-11-18T09:49:14Z" data-provider="UserNameID" finished-at="2019-11-18T09:49:16Z">
          <params>
            <param index="0">
              <value>
                <![CDATA[mngr232954]]>
              </value>
            </param>
            <param index="1">
              <value>
                <![CDATA[nAzuvej]]>
              </value>
            </param>
          </params>
          <reporter-output>
          </reporter-output>
        </test-method> <!-- VerifyDynamicTextWithLoginSectionTest -->
        <test-method status="PASS" signature="TakeScreenShotTest(org.testng.ITestResult)[pri:0, instance:Guru99BankTests.VerifyDynamicTextWithLoginSection@5383967b]" name="TakeScreenShotTest" is-config="true" duration-ms="2" started-at="2019-11-18T09:49:16Z" finished-at="2019-11-18T09:49:16Z">
          <params>
            <param index="0">
              <value>
                <![CDATA[[TestResult name=VerifyDynamicTextWithLoginSectionTest status=SUCCESS method=VerifyDynamicTextWithLoginSection.VerifyDynamicTextWithLoginSectionTest(java.lang.String, java.lang.String)[pri:0, instance:Guru99BankTests.VerifyDynamicTextWithLoginSection@5383967b] output={null}]]]>
              </value>
            </param>
          </params>
          <reporter-output>
          </reporter-output>
        </test-method> <!-- TakeScreenShotTest -->
        <test-method status="PASS" signature="CloseBrowser()[pri:0, instance:Guru99BankTests.VerifyDynamicTextWithLoginSection@5383967b]" name="CloseBrowser" is-config="true" duration-ms="638" started-at="2019-11-18T09:49:16Z" finished-at="2019-11-18T09:49:16Z">
          <reporter-output>
          </reporter-output>
        </test-method> <!-- CloseBrowser -->
      </class> <!-- Guru99BankTests.VerifyDynamicTextWithLoginSection -->
    </test> <!-- Default test -->
  </suite> <!-- Default suite -->
</testng-results>
