<?xml version="1.0" encoding="UTF-8"?>
<testng-results skipped="0" failed="0" ignored="0" total="4" passed="4">
  <reporter-output>
  </reporter-output>
  <suite name="Default suite" duration-ms="7713" started-at="2019-11-17T09:30:10Z" finished-at="2019-11-17T09:30:18Z">
    <groups>
    </groups>
    <test name="Default test" duration-ms="7713" started-at="2019-11-17T09:30:10Z" finished-at="2019-11-17T09:30:18Z">
      <class name="Guru99BankTests.LoginSectionPageScenariosTest">
        <test-method status="PASS" signature="OpenBrowser(java.lang.String)[pri:0, instance:Guru99BankTests.LoginSectionPageScenariosTest@5a4c638d]" name="OpenBrowser" is-config="true" duration-ms="7422" started-at="2019-11-17T09:30:03Z" finished-at="2019-11-17T09:30:10Z">
          <params>
            <param index="0">
              <value>
                <![CDATA[chrome]]>
              </value>
            </param>
          </params>
          <reporter-output>
          </reporter-output>
        </test-method> <!-- OpenBrowser -->
        <test-method status="PASS" signature="LoginWithVaildUserNameAndVaildPasswordTestCase()[pri:1, instance:Guru99BankTests.LoginSectionPageScenariosTest@5a4c638d]" name="LoginWithVaildUserNameAndVaildPasswordTestCase" duration-ms="2866" started-at="2019-11-17T09:30:10Z" finished-at="2019-11-17T09:30:13Z">
          <reporter-output>
          </reporter-output>
        </test-method> <!-- LoginWithVaildUserNameAndVaildPasswordTestCase -->
        <test-method status="PASS" signature="TakeScreenShotTest(org.testng.ITestResult)[pri:0, instance:Guru99BankTests.LoginSectionPageScenariosTest@5a4c638d]" name="TakeScreenShotTest" is-config="true" duration-ms="2" started-at="2019-11-17T09:30:13Z" finished-at="2019-11-17T09:30:13Z">
          <params>
            <param index="0">
              <value>
                <![CDATA[[TestResult name=LoginWithVaildUserNameAndVaildPasswordTestCase status=SUCCESS method=LoginSectionPageScenariosTest.LoginWithVaildUserNameAndVaildPasswordTestCase()[pri:1, instance:Guru99BankTests.LoginSectionPageScenariosTest@5a4c638d] output={null}]]]>
              </value>
            </param>
          </params>
          <reporter-output>
          </reporter-output>
        </test-method> <!-- TakeScreenShotTest -->
        <test-method status="PASS" signature="LoginWithVaildUserNameAndInVaildPasswordTestCase()[pri:2, instance:Guru99BankTests.LoginSectionPageScenariosTest@5a4c638d]" name="LoginWithVaildUserNameAndInVaildPasswordTestCase" duration-ms="1703" started-at="2019-11-17T09:30:13Z" finished-at="2019-11-17T09:30:15Z">
          <reporter-output>
          </reporter-output>
        </test-method> <!-- LoginWithVaildUserNameAndInVaildPasswordTestCase -->
        <test-method status="PASS" signature="TakeScreenShotTest(org.testng.ITestResult)[pri:0, instance:Guru99BankTests.LoginSectionPageScenariosTest@5a4c638d]" name="TakeScreenShotTest" is-config="true" duration-ms="0" started-at="2019-11-17T09:30:15Z" finished-at="2019-11-17T09:30:15Z">
          <params>
            <param index="0">
              <value>
                <![CDATA[[TestResult name=LoginWithVaildUserNameAndInVaildPasswordTestCase status=SUCCESS method=LoginSectionPageScenariosTest.LoginWithVaildUserNameAndInVaildPasswordTestCase()[pri:2, instance:Guru99BankTests.LoginSectionPageScenariosTest@5a4c638d] output={null}]]]>
              </value>
            </param>
          </params>
          <reporter-output>
          </reporter-output>
        </test-method> <!-- TakeScreenShotTest -->
        <test-method status="PASS" signature="LoginWithInVaildUserNameAndVaildPasswordTestCase()[pri:3, instance:Guru99BankTests.LoginSectionPageScenariosTest@5a4c638d]" name="LoginWithInVaildUserNameAndVaildPasswordTestCase" duration-ms="1485" started-at="2019-11-17T09:30:15Z" finished-at="2019-11-17T09:30:16Z">
          <reporter-output>
          </reporter-output>
        </test-method> <!-- LoginWithInVaildUserNameAndVaildPasswordTestCase -->
        <test-method status="PASS" signature="TakeScreenShotTest(org.testng.ITestResult)[pri:0, instance:Guru99BankTests.LoginSectionPageScenariosTest@5a4c638d]" name="TakeScreenShotTest" is-config="true" duration-ms="0" started-at="2019-11-17T09:30:16Z" finished-at="2019-11-17T09:30:16Z">
          <params>
            <param index="0">
              <value>
                <![CDATA[[TestResult name=LoginWithInVaildUserNameAndVaildPasswordTestCase status=SUCCESS method=LoginSectionPageScenariosTest.LoginWithInVaildUserNameAndVaildPasswordTestCase()[pri:3, instance:Guru99BankTests.LoginSectionPageScenariosTest@5a4c638d] output={null}]]]>
              </value>
            </param>
          </params>
          <reporter-output>
          </reporter-output>
        </test-method> <!-- TakeScreenShotTest -->
        <test-method status="PASS" signature="LoginWithInVaildUserNameAndInVaildPasswordTestCase()[pri:4, instance:Guru99BankTests.LoginSectionPageScenariosTest@5a4c638d]" name="LoginWithInVaildUserNameAndInVaildPasswordTestCase" duration-ms="1601" started-at="2019-11-17T09:30:16Z" finished-at="2019-11-17T09:30:18Z">
          <reporter-output>
          </reporter-output>
        </test-method> <!-- LoginWithInVaildUserNameAndInVaildPasswordTestCase -->
        <test-method status="PASS" signature="TakeScreenShotTest(org.testng.ITestResult)[pri:0, instance:Guru99BankTests.LoginSectionPageScenariosTest@5a4c638d]" name="TakeScreenShotTest" is-config="true" duration-ms="0" started-at="2019-11-17T09:30:18Z" finished-at="2019-11-17T09:30:18Z">
          <params>
            <param index="0">
              <value>
                <![CDATA[[TestResult name=LoginWithInVaildUserNameAndInVaildPasswordTestCase status=SUCCESS method=LoginSectionPageScenariosTest.LoginWithInVaildUserNameAndInVaildPasswordTestCase()[pri:4, instance:Guru99BankTests.LoginSectionPageScenariosTest@5a4c638d] output={null}]]]>
              </value>
            </param>
          </params>
          <reporter-output>
          </reporter-output>
        </test-method> <!-- TakeScreenShotTest -->
        <test-method status="PASS" signature="CloseBrowser()[pri:0, instance:Guru99BankTests.LoginSectionPageScenariosTest@5a4c638d]" name="CloseBrowser" is-config="true" duration-ms="629" started-at="2019-11-17T09:30:18Z" finished-at="2019-11-17T09:30:19Z">
          <reporter-output>
          </reporter-output>
        </test-method> <!-- CloseBrowser -->
      </class> <!-- Guru99BankTests.LoginSectionPageScenariosTest -->
    </test> <!-- Default test -->
  </suite> <!-- Default suite -->
</testng-results>
